<?xml version="1.0" encoding="UTF-8"?>
<!-- Generated by org.testng.reporters.JUnitReportReporter -->
<testsuite hostname="NANDAs-MacBook-Air.local" name="guru99Demosite.Homepagetest" tests="1" failures="0" timestamp="7 Nov 2017 17:09:32 GMT" time="3.009" errors="0">
  <testcase name="Hometest" time="3.009" classname="guru99Demosite.Homepagetest"/>
</testsuite> <!-- guru99Demosite.Homepagetest -->
