<?xml version="1.0" encoding="UTF-8"?>
<!-- Generated by org.testng.reporters.JUnitReportReporter -->
<testsuite hostname="NANDAs-MacBook-Air.local" name="guru99Demosite.Registration_test" tests="1" failures="0" timestamp="6 Nov 2017 15:34:15 GMT" time="9.483" errors="0">
  <testcase name="register_test" time="9.483" classname="guru99Demosite.Registration_test"/>
</testsuite> <!-- guru99Demosite.Registration_test -->
