<?xml version="1.0" encoding="UTF-8"?>
<!-- Generated by org.testng.reporters.JUnitReportReporter -->
<testsuite hostname="NANDAs-MacBook-Air.local" name="guru99Demosite.Placeordertest" tests="1" failures="0" timestamp="6 Nov 2017 16:37:58 GMT" time="12.184" errors="0">
  <testcase name="placeorder" time="12.184" classname="guru99Demosite.Placeordertest"/>
</testsuite> <!-- guru99Demosite.Placeordertest -->
