<?xml version="1.0" encoding="UTF-8"?>
<!-- Generated by org.testng.reporters.JUnitReportReporter -->
<testsuite hostname="NANDAs-MacBook-Air.local" name="guru99Demosite.Reordertest" tests="1" failures="0" timestamp="7 Nov 2017 16:16:02 GMT" time="13.213" errors="0">
  <testcase name="reorder" time="13.213" classname="guru99Demosite.Reordertest"/>
</testsuite> <!-- guru99Demosite.Reordertest -->
